[    0.000000] Linux version 4.15.0-64-generic (buildd@lgw01-amd64-038) (gcc version 7.4.0 (Ubuntu 7.4.0-1ubuntu1~18.04.1)) #73-Ubuntu SMP Thu Sep 12 13:16:13 UTC 2019 (Ubuntu 4.15.0-64.73-generic 4.15.18)
[    0.000000] Command line: BOOT_IMAGE=/boot/vmlinuz-4.15.0-64-generic root=LABEL=cloudimg-rootfs ro console=tty1 console=ttyS0
[    0.000000] KERNEL supported cpus:
[    0.000000]   Intel GenuineIntel
[    0.000000]   AMD AuthenticAMD
[    0.000000]   Centaur CentaurHauls
[    0.000000] x86/fpu: Supporting XSAVE feature 0x001: 'x87 floating point registers'
[    0.000000] x86/fpu: Supporting XSAVE feature 0x002: 'SSE registers'
[    0.000000] x86/fpu: Supporting XSAVE feature 0x004: 'AVX registers'
[    0.000000] x86/fpu: xstate_offset[2]:  576, xstate_sizes[2]:  256
[    0.000000] x86/fpu: Enabled xstate features 0x7, context size is 832 bytes, using 'standard' format.
[    0.000000] e820: BIOS-provided physical RAM map:
[    0.000000] BIOS-e820: [mem 0x0000000000000000-0x000000000009fbff] usable
[    0.000000] BIOS-e820: [mem 0x000000000009fc00-0x000000000009ffff] reserved
[    0.000000] BIOS-e820: [mem 0x00000000000f0000-0x00000000000fffff] reserved
[    0.000000] BIOS-e820: [mem 0x0000000000100000-0x000000003ffeffff] usable
[    0.000000] BIOS-e820: [mem 0x000000003fff0000-0x000000003fffffff] ACPI data
[    0.000000] BIOS-e820: [mem 0x00000000fec00000-0x00000000fec00fff] reserved
[    0.000000] BIOS-e820: [mem 0x00000000fee00000-0x00000000fee00fff] reserved
[    0.000000] BIOS-e820: [mem 0x00000000fffc0000-0x00000000ffffffff] reserved
[    0.000000] NX (Execute Disable) protection: active
[    0.000000] SMBIOS 2.5 present.
[    0.000000] DMI: innotek GmbH VirtualBox/VirtualBox, BIOS VirtualBox 12/01/2006
[    0.000000] Hypervisor detected: KVM
[    0.000000] e820: last_pfn = 0x3fff0 max_arch_pfn = 0x400000000
[    0.000000] MTRR: Disabled
[    0.000000] x86/PAT: MTRRs disabled, skipping PAT initialization too.
[    0.000000] CPU MTRRs all blank - virtualized system.
[    0.000000] x86/PAT: Configuration [0-7]: WB  WT  UC- UC  WB  WT  UC- UC  
[    0.000000] found SMP MP-table at [mem 0x0009fff0-0x0009ffff]
[    0.000000] Scanning 1 areas for low memory corruption
[    0.000000] RAMDISK: [mem 0x35a89000-0x36d3bfff]
[    0.000000] ACPI: Early table checksum verification disabled
[    0.000000] ACPI: RSDP 0x00000000000E0000 000024 (v02 VBOX  )
[    0.000000] ACPI: XSDT 0x000000003FFF0030 00003C (v01 VBOX   VBOXXSDT 00000001 ASL  00000061)
[    0.000000] ACPI: FACP 0x000000003FFF00F0 0000F4 (v04 VBOX   VBOXFACP 00000001 ASL  00000061)
[    0.000000] ACPI: DSDT 0x000000003FFF0470 0022EA (v02 VBOX   VBOXBIOS 00000002 INTL 20100528)
[    0.000000] ACPI: FACS 0x000000003FFF0200 000040
[    0.000000] ACPI: FACS 0x000000003FFF0200 000040
[    0.000000] ACPI: APIC 0x000000003FFF0240 00005C (v02 VBOX   VBOXAPIC 00000001 ASL  00000061)
[    0.000000] ACPI: SSDT 0x000000003FFF02A0 0001CC (v01 VBOX   VBOXCPUT 00000002 INTL 20100528)
[    0.000000] No NUMA configuration found
[    0.000000] Faking a node at [mem 0x0000000000000000-0x000000003ffeffff]
[    0.000000] NODE_DATA(0) allocated [mem 0x3ffc5000-0x3ffeffff]
[    0.000000] kvm-clock: cpu 0, msr 0:3ff44001, primary cpu clock
[    0.000000] kvm-clock: Using msrs 4b564d01 and 4b564d00
[    0.000000] kvm-clock: using sched offset of 5580763626 cycles
[    0.000000] clocksource: kvm-clock: mask: 0xffffffffffffffff max_cycles: 0x1cd42e4dffb, max_idle_ns: 881590591483 ns
[    0.000000] Zone ranges:
[    0.000000]   DMA      [mem 0x0000000000001000-0x0000000000ffffff]
[    0.000000]   DMA32    [mem 0x0000000001000000-0x000000003ffeffff]
[    0.000000]   Normal   empty
[    0.000000]   Device   empty
[    0.000000] Movable zone start for each node
[    0.000000] Early memory node ranges
[    0.000000]   node   0: [mem 0x0000000000001000-0x000000000009efff]
[    0.000000]   node   0: [mem 0x0000000000100000-0x000000003ffeffff]
[    0.000000] Reserved but unavailable: 98 pages
[    0.000000] Initmem setup node 0 [mem 0x0000000000001000-0x000000003ffeffff]
[    0.000000] ACPI: PM-Timer IO Port: 0x4008
[    0.000000] IOAPIC[0]: apic_id 2, version 32, address 0xfec00000, GSI 0-23
[    0.000000] ACPI: INT_SRC_OVR (bus 0 bus_irq 0 global_irq 2 dfl dfl)
[    0.000000] ACPI: INT_SRC_OVR (bus 0 bus_irq 9 global_irq 9 low level)
[    0.000000] Using ACPI (MADT) for SMP configuration information
[    0.000000] smpboot: Allowing 2 CPUs, 0 hotplug CPUs
[    0.000000] PM: Registered nosave memory: [mem 0x00000000-0x00000fff]
[    0.000000] PM: Registered nosave memory: [mem 0x0009f000-0x0009ffff]
[    0.000000] PM: Registered nosave memory: [mem 0x000a0000-0x000effff]
[    0.000000] PM: Registered nosave memory: [mem 0x000f0000-0x000fffff]
[    0.000000] e820: [mem 0x40000000-0xfebfffff] available for PCI devices
[    0.000000] Booting paravirtualized kernel on KVM
[    0.000000] clocksource: refined-jiffies: mask: 0xffffffff max_cycles: 0xffffffff, max_idle_ns: 7645519600211568 ns
[    0.000000] random: get_random_bytes called from start_kernel+0x99/0x4fd with crng_init=0
[    0.000000] setup_percpu: NR_CPUS:8192 nr_cpumask_bits:2 nr_cpu_ids:2 nr_node_ids:1
[    0.000000] percpu: Embedded 46 pages/cpu s151552 r8192 d28672 u1048576
[    0.000000] PV qspinlock hash table entries: 256 (order: 0, 4096 bytes)
[    0.000000] Built 1 zonelists, mobility grouping on.  Total pages: 257913
[    0.000000] Policy zone: DMA32
[    0.000000] Kernel command line: BOOT_IMAGE=/boot/vmlinuz-4.15.0-64-generic root=LABEL=cloudimg-rootfs ro console=tty1 console=ttyS0
[    0.000000] Memory: 983436K/1048120K available (12300K kernel code, 2481K rwdata, 4172K rodata, 2436K init, 2384K bss, 64684K reserved, 0K cma-reserved)
[    0.000000] SLUB: HWalign=64, Order=0-3, MinObjects=0, CPUs=2, Nodes=1
[    0.000000] Kernel/User page tables isolation: enabled
[    0.000000] ftrace: allocating 39306 entries in 154 pages
[    0.004000] Hierarchical RCU implementation.
[    0.004000] 	RCU restricting CPUs from NR_CPUS=8192 to nr_cpu_ids=2.
[    0.004000] 	Tasks RCU enabled.
[    0.004000] RCU: Adjusting geometry for rcu_fanout_leaf=16, nr_cpu_ids=2
[    0.004000] NR_IRQS: 524544, nr_irqs: 440, preallocated irqs: 16
[    0.004000] Console: colour VGA+ 80x25
[    0.004000] console [tty1] enabled
[    0.004000] console [ttyS0] enabled
[    0.004000] ACPI: Core revision 20170831
[    0.004000] ACPI: 2 ACPI AML tables successfully acquired and loaded
[    0.004000] APIC: Switch to symmetric I/O mode setup
[    0.004000] x2apic enabled
[    0.004000] Switched APIC routing to physical x2apic.
[    0.008387] ..TIMER: vector=0x30 apic1=0 pin1=2 apic2=-1 pin2=-1
[    0.012006] tsc: Detected 2711.998 MHz processor
[    0.016013] Calibrating delay loop (skipped) preset value.. 5423.99 BogoMIPS (lpj=10847992)
[    0.018704] pid_max: default: 32768 minimum: 301
[    0.020062] Security Framework initialized
[    0.021818] Yama: becoming mindful.
[    0.022910] AppArmor: AppArmor initialized
[    0.028000] Dentry cache hash table entries: 131072 (order: 8, 1048576 bytes)
[    0.028082] Inode-cache hash table entries: 65536 (order: 7, 524288 bytes)
[    0.032022] Mount-cache hash table entries: 2048 (order: 2, 16384 bytes)
[    0.033682] Mountpoint-cache hash table entries: 2048 (order: 2, 16384 bytes)
[    0.035832] Last level iTLB entries: 4KB 64, 2MB 8, 4MB 8
[    0.036005] Last level dTLB entries: 4KB 64, 2MB 0, 4MB 0, 1GB 4
[    0.037579] Spectre V1 : Mitigation: usercopy/swapgs barriers and __user pointer sanitization
[    0.040004] Spectre V2 : Mitigation: Full generic retpoline
[    0.041620] Spectre V2 : Spectre v2 / SpectreRSB mitigation: Filling RSB on context switch
[    0.044002] Speculative Store Bypass: Vulnerable
[    0.045387] MDS: Vulnerable: Clear CPU buffers attempted, no microcode
[    0.048260] Freeing SMP alternatives memory: 36K
[    0.056000] smpboot: CPU0: Intel(R) Core(TM) i5-7200U CPU @ 2.50GHz (family: 0x6, model: 0x8e, stepping: 0x9)
[    0.056183] Performance Events: unsupported p6 CPU model 142 no PMU driver, software events only.
[    0.060107] Hierarchical SRCU implementation.
[    0.068280] NMI watchdog: Perf event create on CPU 0 failed with -2
[    0.072000] NMI watchdog: Perf NMI watchdog permanently disabled
[    0.072139] smp: Bringing up secondary CPUs ...
[    0.076000] x86: Booting SMP configuration:
[    0.076016] .... node  #0, CPUs:      #1
[    0.004000] kvm-clock: cpu 1, msr 0:3ff44041, secondary cpu clock
[    0.088068] smp: Brought up 1 node, 2 CPUs
[    0.092016] smpboot: Max logical packages: 1
[    0.095352] smpboot: Total of 2 processors activated (10847.99 BogoMIPS)
[    0.096419] devtmpfs: initialized
[    0.100158] x86/mm: Memory block size: 128MB
[    0.104120] evm: security.selinux
[    0.106726] evm: security.SMACK64
[    0.108010] evm: security.SMACK64EXEC
[    0.112009] evm: security.SMACK64TRANSMUTE
[    0.116006] evm: security.SMACK64MMAP
[    0.120008] evm: security.apparmor
[    0.122591] evm: security.ima
[    0.124009] evm: security.capability
[    0.128345] clocksource: jiffies: mask: 0xffffffff max_cycles: 0xffffffff, max_idle_ns: 7645041785100000 ns
[    0.132028] futex hash table entries: 512 (order: 3, 32768 bytes)
[    0.144044] pinctrl core: initialized pinctrl subsystem
[    0.148302] RTC time: 22:48:01, date: 10/31/19
[    0.150585] NET: Registered protocol family 16
[    0.152194] audit: initializing netlink subsys (disabled)
[    0.156057] audit: type=2000 audit(1572562088.406:1): state=initialized audit_enabled=0 res=1
[    0.160014] cpuidle: using governor ladder
[    0.161995] cpuidle: using governor menu
[    0.163983] ACPI: bus type PCI registered
[    0.164005] acpiphp: ACPI Hot Plug PCI Controller Driver version: 0.5
[    0.168324] PCI: Using configuration type 1 for base access
[    0.174425] HugeTLB registered 2.00 MiB page size, pre-allocated 0 pages
[    0.176176] ACPI: Added _OSI(Module Device)
[    0.180007] ACPI: Added _OSI(Processor Device)
[    0.181994] ACPI: Added _OSI(3.0 _SCP Extensions)
[    0.184005] ACPI: Added _OSI(Processor Aggregator Device)
[    0.188008] ACPI: Added _OSI(Linux-Dell-Video)
[    0.190044] ACPI: Added _OSI(Linux-Lenovo-NV-HDMI-Audio)
[    0.192006] ACPI: Added _OSI(Linux-HPI-Hybrid-Graphics)
[    0.194983] ACPI: Executed 1 blocks of module-level executable AML code
[    0.208959] ACPI: Interpreter enabled
[    0.210817] ACPI: (supports S0 S5)
[    0.212005] ACPI: Using IOAPIC for interrupt routing
[    0.214773] PCI: Using host bridge windows from ACPI; if necessary, use "pci=nocrs" and report a bug
[    0.216469] ACPI: Enabled 2 GPEs in block 00 to 07
[    0.238665] ACPI: PCI Root Bridge [PCI0] (domain 0000 [bus 00-ff])
[    0.240013] acpi PNP0A03:00: _OSC: OS supports [ASPM ClockPM Segments MSI]
[    0.245065] acpi PNP0A03:00: _OSC: not requesting OS control; OS requires [ExtendedConfig ASPM ClockPM MSI]
[    0.248024] acpi PNP0A03:00: fail to add MMCONFIG information, can't access extended PCI configuration space under this bridge.
[    0.256361] PCI host bridge to bus 0000:00
[    0.258345] pci_bus 0000:00: root bus resource [io  0x0000-0x0cf7 window]
[    0.260008] pci_bus 0000:00: root bus resource [io  0x0d00-0xffff window]
[    0.262875] pci_bus 0000:00: root bus resource [mem 0x000a0000-0x000bffff window]
[    0.264009] pci_bus 0000:00: root bus resource [mem 0x40000000-0xfdffffff window]
[    0.268016] pci_bus 0000:00: root bus resource [bus 00-ff]
[    0.276317] pci 0000:00:01.1: legacy IDE quirk: reg 0x10: [io  0x01f0-0x01f7]
[    0.279339] pci 0000:00:01.1: legacy IDE quirk: reg 0x14: [io  0x03f6]
[    0.280010] pci 0000:00:01.1: legacy IDE quirk: reg 0x18: [io  0x0170-0x0177]
[    0.284007] pci 0000:00:01.1: legacy IDE quirk: reg 0x1c: [io  0x0376]
[    0.321120] pci 0000:00:07.0: quirk: [io  0x4000-0x403f] claimed by PIIX4 ACPI
[    0.324033] pci 0000:00:07.0: quirk: [io  0x4100-0x410f] claimed by PIIX4 SMB
[    0.346865] ACPI: PCI Interrupt Link [LNKA] (IRQs 5 9 10 *11)
[    0.348958] ACPI: PCI Interrupt Link [LNKB] (IRQs 5 9 *10 11)
[    0.352300] ACPI: PCI Interrupt Link [LNKC] (IRQs 5 *9 10 11)
[    0.356146] ACPI: PCI Interrupt Link [LNKD] (IRQs 5 9 10 *11)
[    0.359355] SCSI subsystem initialized
[    0.360091] pci 0000:00:02.0: vgaarb: setting as boot VGA device
[    0.362478] pci 0000:00:02.0: vgaarb: VGA device added: decodes=io+mem,owns=io+mem,locks=none
[    0.364014] pci 0000:00:02.0: vgaarb: bridge control possible
[    0.368004] vgaarb: loaded
[    0.369390] ACPI: bus type USB registered
[    0.372034] usbcore: registered new interface driver usbfs
[    0.376022] usbcore: registered new interface driver hub
[    0.378477] usbcore: registered new device driver usb
[    0.380099] EDAC MC: Ver: 3.0.0
[    0.384166] PCI: Using ACPI for IRQ routing
[    0.386559] NetLabel: Initializing
[    0.388005] NetLabel:  domain hash size = 128
[    0.390095] NetLabel:  protocols = UNLABELED CIPSOv4 CALIPSO
[    0.392034] NetLabel:  unlabeled traffic allowed by default
[    0.396207] clocksource: Switched to clocksource kvm-clock
[    0.486164] VFS: Disk quotas dquot_6.6.0
[    0.487451] VFS: Dquot-cache hash table entries: 512 (order 0, 4096 bytes)
[    0.489680] AppArmor: AppArmor Filesystem Enabled
[    0.491078] pnp: PnP ACPI init
[    0.494027] pnp: PnP ACPI: found 3 devices
[    0.518513] clocksource: acpi_pm: mask: 0xffffff max_cycles: 0xffffff, max_idle_ns: 2085701024 ns
[    0.522737] NET: Registered protocol family 2
[    0.552783] TCP established hash table entries: 8192 (order: 4, 65536 bytes)
[    0.555919] TCP bind hash table entries: 8192 (order: 5, 131072 bytes)
[    0.558848] TCP: Hash tables configured (established 8192 bind 8192)
[    0.561706] UDP hash table entries: 512 (order: 2, 16384 bytes)
[    0.564431] UDP-Lite hash table entries: 512 (order: 2, 16384 bytes)
[    0.567461] NET: Registered protocol family 1
[    0.569654] pci 0000:00:00.0: Limiting direct PCI/PCI transfers
[    0.572362] pci 0000:00:01.0: Activating ISA DMA hang workarounds
[    0.575131] pci 0000:00:02.0: Video device with shadowed ROM at [mem 0x000c0000-0x000dffff]
[    0.579032] Unpacking initramfs...
[    1.747815] Freeing initrd memory: 19148K
[    1.749311] clocksource: tsc: mask: 0xffffffffffffffff max_cycles: 0x27178451938, max_idle_ns: 440795251172 ns
[    1.752562] platform rtc_cmos: registered platform RTC device (no PNP device found)
[    1.755458] Scanning for low memory corruption every 60 seconds
[    1.758493] Initialise system trusted keyrings
[    1.759768] Key type blacklist registered
[    1.761117] workingset: timestamp_bits=36 max_order=18 bucket_order=0
[    1.765008] zbud: loaded
[    1.766708] squashfs: version 4.0 (2009/01/31) Phillip Lougher
[    1.768699] fuse init (API version 7.26)
[    1.776983] Key type asymmetric registered
[    1.778552] Asymmetric key parser 'x509' registered
[    1.779992] Block layer SCSI generic (bsg) driver version 0.4 loaded (major 246)
[    1.782513] io scheduler noop registered
[    1.783570] io scheduler deadline registered
[    1.784846] io scheduler cfq registered (default)
[    1.786557] ACPI: AC Adapter [AC] (off-line)
[    1.787732] input: Power Button as /devices/LNXSYSTM:00/LNXPWRBN:00/input/input0
[    1.789874] ACPI: Power Button [PWRF]
[    1.791031] input: Sleep Button as /devices/LNXSYSTM:00/LNXSLPBN:00/input/input1
[    1.793018] ACPI: Sleep Button [SLPF]
[    1.795674] ACPI: Battery Slot [BAT0] (battery present)
[    1.797514] Serial: 8250/16550 driver, 32 ports, IRQ sharing enabled
[    1.820516] 00:02: ttyS0 at I/O 0x3f8 (irq = 4, base_baud = 115200) is a 16550A
[    1.825355] Linux agpgart interface v0.103
[    1.828587] loop: module loaded
[    1.830685] scsi host0: ata_piix
[    1.832081] scsi host1: ata_piix
[    1.833070] ata1: PATA max UDMA/33 cmd 0x1f0 ctl 0x3f6 bmdma 0xd000 irq 14
[    1.834925] ata2: PATA max UDMA/33 cmd 0x170 ctl 0x376 bmdma 0xd008 irq 15
[    1.837103] libphy: Fixed MDIO Bus: probed
[    1.838497] tun: Universal TUN/TAP device driver, 1.6
[    1.840043] PPP generic driver version 2.4.2
[    1.841510] ehci_hcd: USB 2.0 'Enhanced' Host Controller (EHCI) Driver
[    1.843423] ehci-pci: EHCI PCI platform driver
[    1.844791] ehci-platform: EHCI generic platform driver
[    1.846239] ohci_hcd: USB 1.1 'Open' Host Controller (OHCI) Driver
[    1.848373] ohci-pci: OHCI PCI platform driver
[    1.849709] ohci-platform: OHCI generic platform driver
[    1.851135] uhci_hcd: USB Universal Host Controller Interface driver
[    1.853226] i8042: PNP: PS/2 Controller [PNP0303:PS2K,PNP0f03:PS2M] at 0x60,0x64 irq 1,12
[    1.856536] serio: i8042 KBD port at 0x60,0x64 irq 1
[    1.858062] serio: i8042 AUX port at 0x60,0x64 irq 12
[    1.859709] mousedev: PS/2 mouse device common for all mice
[    1.861821] input: AT Translated Set 2 keyboard as /devices/platform/i8042/serio0/input/input2
[    1.865222] rtc_cmos rtc_cmos: rtc core: registered rtc_cmos as rtc0
[    1.867190] rtc_cmos rtc_cmos: alarms up to one day, 114 bytes nvram
[    1.869147] i2c /dev entries driver
[    1.870251] device-mapper: uevent: version 1.0.3
[    1.871772] device-mapper: ioctl: 4.37.0-ioctl (2017-09-20) initialised: dm-devel@redhat.com
[    1.874611] ledtrig-cpu: registered to indicate activity on CPUs
[    1.877322] NET: Registered protocol family 10
[    1.885239] Segment Routing with IPv6
[    1.886446] NET: Registered protocol family 17
[    1.888021] Key type dns_resolver registered
[    1.889702] mce: Using 0 MCE banks
[    1.890982] RAS: Correctable Errors collector initialized.
[    1.892639] sched_clock: Marking stable (1892605312, 0)->(2703832182, -811226870)
[    1.895991] registered taskstats version 1
[    1.897358] Loading compiled-in X.509 certificates
[    1.902463] Loaded X.509 cert 'Build time autogenerated kernel key: 9ff85db0b1f72c0c954e4d2eaca5a9366845820b'
[    1.905287] zswap: loaded using pool lzo/zbud
[    1.913033] Key type big_key registered
[    1.914501] Key type trusted registered
[    1.918923] Key type encrypted registered
[    1.920278] AppArmor: AppArmor sha1 policy hashing enabled
[    1.921849] ima: No TPM chip found, activating TPM-bypass! (rc=-19)
[    1.923623] ima: Allocated hash algorithm: sha1
[    1.925060] evm: HMAC attrs: 0x1
[    1.926393]   Magic number: 7:478:857
[    1.927613] rtc_cmos rtc_cmos: setting system clock to 2019-10-31 22:48:03 UTC (1572562083)
[    1.930436] BIOS EDD facility v0.16 2004-Jun-25, 0 devices found
[    1.932158] EDD information not available.
[    2.012979] Freeing unused kernel image memory: 2436K
[    2.021184] Write protecting the kernel read-only data: 20480k
[    2.029454] Freeing unused kernel image memory: 2008K
[    2.036619] Freeing unused kernel image memory: 1972K
[    2.088168] x86/mm: Checked W+X mappings: passed, no W+X pages found.
[    2.100196] x86/mm: Checking user space page tables
[    2.135702] x86/mm: Checked W+X mappings: passed, no W+X pages found.
Loading, please wait...
starting version 237
[    2.313112] e1000: Intel(R) PRO/1000 Network Driver - version 7.3.21-k8-NAPI
[    2.315181] e1000: Copyright (c) 1999-2006 Intel Corporation.
[    2.317827] Fusion MPT base driver 3.04.20
[    2.319533] Copyright (c) 1999-2008 LSI Corporation
[    2.336369] Fusion MPT SPI Host driver 3.04.20
[    2.353541] AVX2 version of gcm_enc/dec engaged.
[    2.354826] AES CTR mode by8 optimization enabled
[    2.535352] input: ImExPS/2 Generic Explorer Mouse as /devices/platform/i8042/serio1/input/input4
[    2.822170] e1000 0000:00:03.0 eth0: (PCI:33MHz:32-bit) 02:50:d4:3b:43:74
[    2.826357] e1000 0000:00:03.0 eth0: Intel(R) PRO/1000 Network Connection
[    2.833411] mptbase: ioc0: Initiating bringup
[    2.933937] ioc0: LSI53C1030 A0: Capabilities={Initiator}
[    3.185869] scsi host2: ioc0: LSI53C1030 A0, FwRev=00000000h, Ports=1, MaxQ=256, IRQ=20
[    3.364909] scsi 2:0:0:0: Direct-Access     VBOX     HARDDISK         1.0  PQ: 0 ANSI: 5
[    3.617841] scsi target2:0:0: Beginning Domain Validation
[    3.682249] scsi target2:0:0: Domain Validation skipping write tests
[    3.690282] scsi target2:0:0: Ending Domain Validation
[    3.696450] scsi target2:0:0: asynchronous
[    3.704153] scsi 2:0:1:0: Direct-Access     VBOX     HARDDISK         1.0  PQ: 0 ANSI: 5
[    4.060332] scsi target2:0:1: Beginning Domain Validation
[    4.070282] random: fast init done
[    4.077024] scsi target2:0:1: Domain Validation skipping write tests
[    4.085140] scsi target2:0:1: Ending Domain Validation
[    4.091312] scsi target2:0:1: asynchronous
[    4.124964] sd 2:0:0:0: Attached scsi generic sg0 type 0
[    4.130193] random: systemd-udevd: uninitialized urandom read (16 bytes read)
[    4.130267] sd 2:0:1:0: Attached scsi generic sg1 type 0
[    4.135620] sd 2:0:0:0: [sda] 20971520 512-byte logical blocks: (10.7 GB/10.0 GiB)
[    4.145538] random: systemd-udevd: uninitialized urandom read (16 bytes read)
[    4.149943] random: systemd-udevd: uninitialized urandom read (16 bytes read)
[    4.154654] sd 2:0:0:0: [sda] Write Protect is off
[    4.157593] sd 2:0:0:0: [sda] Incomplete mode parameter data
[    4.159667] sd 2:0:1:0: [sdb] 20480 512-byte logical blocks: (10.5 MB/10.0 MiB)
[    4.160232] sd 2:0:0:0: [sda] Assuming drive cache: write through
[    4.167116] sd 2:0:1:0: [sdb] Write Protect is off
[    4.169352] sd 2:0:1:0: [sdb] Incomplete mode parameter data
[    4.172283] sd 2:0:1:0: [sdb] Assuming drive cache: write through
[    4.177745]  sda: sda1
[    4.181403] sd 2:0:0:0: [sda] Attached SCSI disk
[    4.186795] sd 2:0:1:0: [sdb] Attached SCSI disk
[    4.244585] e1000 0000:00:08.0 eth1: (PCI:33MHz:32-bit) 08:00:27:b0:d9:8f
[    4.247343] e1000 0000:00:08.0 eth1: Intel(R) PRO/1000 Network Connection
[    4.251829] e1000 0000:00:03.0 enp0s3: renamed from eth0
[    4.268930] e1000 0000:00:08.0 enp0s8: renamed from eth1
Begin: Loading essential drivers ... [    6.668490] raid6: sse2x1   gen()  6473 MB/s
[    6.716291] raid6: sse2x1   xor()  4212 MB/s
[    6.764168] raid6: sse2x2   gen()  7165 MB/s
[    6.812051] raid6: sse2x2   xor()  3286 MB/s
[    6.860091] raid6: sse2x4   gen()  6863 MB/s
[    6.908544] raid6: sse2x4   xor()  4581 MB/s
[    6.956451] raid6: avx2x1   gen()  5728 MB/s
[    7.004524] raid6: avx2x1   xor()  3709 MB/s
[    7.052117] raid6: avx2x2   gen()  5111 MB/s
[    7.104166] raid6: avx2x2   xor()  3096 MB/s
[    7.156515] raid6: avx2x4   gen()  6960 MB/s
[    7.204325] raid6: avx2x4   xor()  7388 MB/s
[    7.206312] raid6: using algorithm sse2x2 gen() 7165 MB/s
[    7.208433] raid6: .... xor() 3286 MB/s, rmw enabled
[    7.210514] raid6: using avx2x2 recovery algorithm
[    7.214245] xor: automatically using best checksumming function   avx       
[    7.218578] async_tx: api initialized (async)
done.
Begin: Running /scripts/init-premount ... done.
Begin: Mounting root file system ... Begin: Running /scripts/local-top ... done.
Begin: Running /scripts/local-premount ... [    7.310326] Btrfs loaded, crc32c=crc32c-intel
Scanning for Btrfs filesystems
done.
Warning: fsck not present, so skipping root file system
[    7.369542] EXT4-fs (sda1): mounted filesystem with ordered data mode. Opts: (null)
done.
Begin: Running /scripts/local-bottom ... done.
Begin: Running /scripts/init-bottom ... done.
[    7.740031] ip_tables: (C) 2000-2006 Netfilter Core Team
[    7.770958] systemd[1]: systemd 237 running in system mode. (+PAM +AUDIT +SELINUX +IMA +APPARMOR +SMACK +SYSVINIT +UTMP +LIBCRYPTSETUP +GCRYPT +GNUTLS +ACL +XZ +LZ4 +SECCOMP +BLKID +ELFUTILS +KMOD -IDN2 +IDN -PCRE2 default-hierarchy=hybrid)
[    7.777051] systemd[1]: Detected virtualization oracle.
[    7.778511] systemd[1]: Detected architecture x86-64.

Welcome to [1mUbuntu 18.04.3 LTS[0m!

[    7.788733] systemd[1]: Set hostname to <ubuntu>.
[    7.810379] systemd[1]: Initializing machine ID from random generator.
[    7.812381] systemd[1]: Installed transient /etc/machine-id file.
[    8.345536] systemd[1]: Reached target System Time Synchronized.
[[0;32m  OK  [0m] Reached target System Time Synchronized.
[    8.349315] systemd[1]: Started Forward Password Requests to Wall Directory Watch.
[[0;32m  OK  [0m] Started Forward Password Requests to Wall Directory Watch.
[    8.352848] systemd[1]: Reached target Swap.
[[0;32m  OK  [0m] Reached target Swap.
[    8.357083] systemd[1]: Created slice User and Session Slice.
[[0;32m  OK  [0m] Created slice User and Session Slice.
[[0;32m  OK  [0m] Set up automount Arbitrary Executab…rmats File System Automount Point.
[[0;32m  OK  [0m] Created slice System Slice.
[[0;32m  OK  [0m] Listening on udev Control Socket.
[[0;32m  OK  [0m] Listening on Syslog Socket.
[[0;32m  OK  [0m] Listening on Journal Socket.
         Starting Load Kernel Modules...
[[0;32m  OK  [0m] Listening on LVM2 poll daemon socket.
         Starting Remount Root and Kernel File Systems...
[[0;32m  OK  [0m] Listening on Network Service Netlink Socket.
[[0;32m  OK  [0m] Listening on udev Kernel Socket.
         Starting udev Coldplug all Devices...
[[0;32m  OK  [0m] Reached target Slices.
[[0;32m  OK  [0m] Listening on LVM2 metadata daemon socket.
[[0;32m  OK  [0m] Listening on Device-mapper event daemon FIFOs.
[[0;32m  OK  [0m] Listening on Journal Socket (/dev/log).
[[0;32m  OK  [0m] Listening on /dev/initctl Compatibility Named Pipe.
         Mounting Huge Pages File System...
         Starting Set the console keyboard layout...
[[0;32m  OK  [0m] Listening on Journal Audit Socket.
         Starting Journal Service...
         Mounting POSIX Message Queue File System...
[    8.621180] Loading iSCSI transport class v2.0-870.
         Mounting Kernel Debug File System...
[[0;32m  OK  [0m] Created slice system-serial\x2dgetty.slice.
         Starting Monitoring of LVM2 mirrors…ng dmeventd or progress polling...
         Starting Uncomplicated firewall...
[[0;32m  OK  [0m] Reached target User and Group Name Lookups.
         Starting Create list of required st…ce nodes for the current kernel...
[[0;32m  OK  [0m] Mounted Huge Pages File System.
[[0;32m  OK  [0m] Mounted POSIX Message Queue File System.
[[0;32m  OK  [0m] Mounted Kernel Debug File System.
[    8.717684] iscsi: registered transport (tcp)
[    8.736694] EXT4-fs (sda1): re-mounted. Opts: (null)
[[0;32m  OK  [0m] Started Remount Root and Kernel File Systems.
         Starting Load/Save Random Seed...
[[0;32m  OK  [0m] Started Uncomplicated firewall.
[[0;32m  OK  [0m] Started Create list of required sta…vice nodes for the current kernel.
[[0;32m  OK  [0m] Started udev Coldplug all Devices.
[[0;32m  OK  [0m] Started Load/Save Random Seed.
[[0;32m  OK  [0m] Started LVM2 metadata daemon.
         Starting Create Static Device Nodes in /dev...
[    8.847888] iscsi: registered transport (iser)
[[0;32m  OK  [0m] Started Load Kernel Modules.
         Mounting Kernel Configuration File System...
         Mounting FUSE Control File System...
         Starting Apply Kernel Variables...
[[0;32m  OK  [0m] Mounted Kernel Configuration File System.
[[0;32m  OK  [0m] Mounted FUSE Control File System.
[[0;32m  OK  [0m] Started Journal Service.
         Starting Flush Journal to Persistent Storage...
[[0;32m  OK  [0m] Started Create Static Device Nodes in /dev.
         Starting udev Kernel Device Manager...
[[0;32m  OK  [0m] Started Monitoring of LVM2 mirrors,…sing dmeventd or progress polling.
[[0;32m  OK  [0m] Started udev Kernel Device Manager.
[[0;32m  OK  [0m] Started Apply Kernel Variables.
[[0;32m  OK  [0m] Started Set the console keyboard layout.
[[0;32m  OK  [0m] Reached target Local File Systems (Pre).
[[0;32m  OK  [0m] Reached target Local File Systems.
         Starting Set console font and keymap...
         Starting ebtables ruleset management...
         Starting Commit a transient machine-id on disk...
         Starting AppArmor initialization...
         Starting Tell Plymouth To Write Out Runtime Data...
[[0;32m  OK  [0m] Started Dispatch Password Requests to Console Directory Watch.
[[0;32m  OK  [0m] Reached target Local Encrypted Volumes.
[[0;32m  OK  [0m] Started Flush Journal to Persistent Storage.
[[0;32m  OK  [0m] Started Set console font and keymap.
         Starting Create Volatile Files and Directories...
[[0;32m  OK  [0m] Started Tell Plymouth To Write Out Runtime Data.
[[0;32m  OK  [0m] Started Create Volatile Files and Directories.
         Starting Update UTMP about System Boot/Shutdown...
[[0;32m  OK  [0m] Started Update UTMP about System Boot/Shutdown.
[[0;32m  OK  [0m] Started Commit a transient machine-id on disk.
[[0;32m  OK  [0m] Started ebtables ruleset management.
[[0;32m  OK  [0m] Found device /dev/ttyS0.
[[0;32m  OK  [0m] Listening on Load/Save RF Kill Switch Status /dev/rfkill Watch.
[[0;32m  OK  [0m] Started AppArmor initialization.
         Starting Initial cloud-init job (pre-networking)...
[   17.750859] cloud-init[543]: Cloud-init v. 19.2-24-ge7881d5c-0ubuntu1~18.04.1 running 'init-local' at Thu, 31 Oct 2019 22:48:17 +0000. Up 15.82 seconds.
[[0;32m  OK  [0m] Started Initial cloud-init job (pre-networking).
[[0;32m  OK  [0m] Reached target Network (Pre).
         Starting Network Service...
[[0;32m  OK  [0m] Started Network Service.
         Starting Network Name Resolution...
         Starting Wait for Network to be Configured...
[[0;32m  OK  [0m] Started Network Name Resolution.
[[0;32m  OK  [0m] Reached target Host and Network Name Lookups.
[[0;32m  OK  [0m] Reached target Network.
[[0;32m  OK  [0m] Started Wait for Network to be Configured.
         Starting Initial cloud-init job (metadata service crawler)...
[   21.690402] cloud-init[653]: Cloud-init v. 19.2-24-ge7881d5c-0ubuntu1~18.04.1 running 'init' at Thu, 31 Oct 2019 22:48:22 +0000. Up 21.13 seconds.
[   21.698664] cloud-init[653]: ci-info: ++++++++++++++++++++++++++++++++++++++Net device info+++++++++++++++++++++++++++++++++++++++
[   21.703671] cloud-init[653]: ci-info: +--------+-------+----------------------------+---------------+--------+-------------------+
[   21.708204] cloud-init[653]: ci-info: | Device |   Up  |          Address           |      Mask     | Scope  |     Hw-Address    |
[   21.713305] cloud-init[653]: ci-info: +--------+-------+----------------------------+---------------+--------+-------------------+
[   21.717638] cloud-init[653]: ci-info: | enp0s3 |  True |         10.0.2.15          | 255.255.255.0 | global | 02:50:d4:3b:43:74 |
[   21.733092] cloud-init[653]: ci-info: | enp0s3 |  True | fe80::50:d4ff:fe3b:4374/64 |       .       |  link  | 02:50:d4:3b:43:74 |
[   21.738639] cloud-init[653]: ci-info: | enp0s8 | False |             .              |       .       |   .    | 08:00:27:b0:d9:8f |
[   21.743958] cloud-init[653]: ci-info: |   lo   |  True |         127.0.0.1          |   255.0.0.0   |  host  |         .         |
[   21.748915] cloud-init[653]: ci-info: |   lo   |  True |          ::1/128           |       .       |  host  |         .         |
[   21.753680] cloud-init[653]: ci-info: +--------+-------+----------------------------+---------------+--------+-------------------+
[   21.759543] cloud-init[653]: ci-info: ++++++++++++++++++++++++++++Route IPv4 info+++++++++++++++++++++++++++++
[   21.764159] cloud-init[653]: ci-info: +-------+-------------+----------+-----------------+-----------+-------+
[   21.768842] cloud-init[653]: ci-info: | Route | Destination | Gateway  |     Genmask     | Interface | Flags |
[   21.773033] cloud-init[653]: ci-info: +-------+-------------+----------+-----------------+-----------+-------+
[   21.788463] cloud-init[653]: ci-info: |   0   |   0.0.0.0   | 10.0.2.2 |     0.0.0.0     |   enp0s3  |   UG  |
[   21.800948] cloud-init[653]: ci-info: |   1   |   10.0.2.0  | 0.0.0.0  |  255.255.255.0  |   enp0s3  |   U   |
[   21.804174] cloud-init[653]: ci-info: |   2   |   10.0.2.2  | 0.0.0.0  | 255.255.255.255 |   enp0s3  |   UH  |
[   21.807731] cloud-init[653]: ci-info: +-------+-------------+----------+-----------------+-----------+-------+
[   21.811519] cloud-init[653]: ci-info: +++++++++++++++++++Route IPv6 info+++++++++++++++++++
[   21.815563] cloud-init[653]: ci-info: +-------+-------------+---------+-----------+-------+
[   21.818304] cloud-init[653]: ci-info: | Route | Destination | Gateway | Interface | Flags |
[   21.821110] cloud-init[653]: ci-info: +-------+-------------+---------+-----------+-------+
[   21.824084] cloud-init[653]: ci-info: |   1   |  fe80::/64  |    ::   |   enp0s3  |   U   |
[   21.827091] cloud-init[653]: ci-info: |   3   |    local    |    ::   |   enp0s3  |   U   |
[   21.829917] cloud-init[653]: ci-info: |   4   |   ff00::/8  |    ::   |   enp0s3  |   U   |
[   21.832897] cloud-init[653]: ci-info: +-------+-------------+---------+-----------+-------+
[   23.488465] cloud-init[653]: Generating public/private rsa key pair.
[   23.494361] cloud-init[653]: Your identification has been saved in /etc/ssh/ssh_host_rsa_key.
[   23.499876] cloud-init[653]: Your public key has been saved in /etc/ssh/ssh_host_rsa_key.pub.
[   23.504735] cloud-init[653]: The key fingerprint is:
[   23.506609] cloud-init[653]: SHA256:JYYqr0dHIIt9Ug13SyjVlejFeAvTbIHmIqcGx/Hj2eg root@ubuntu-bionic
[   23.509816] cloud-init[653]: The key's randomart image is:
[   23.525006] cloud-init[653]: +---[RSA 2048]----+
[   23.536638] cloud-init[653]: |    .+oooOoo     |
[   23.548446] cloud-init[653]: |  . =.o+O.O      |
[   23.551124] cloud-init[653]: | o = =.++*..     |
[   23.554194] cloud-init[653]: |. = =.*.oo.      |
[   23.556554] cloud-init[653]: |  .=.* *S        |
[   23.558979] cloud-init[653]: |   o+ = .        |
[   23.561441] cloud-init[653]: |   o.o           |
[   23.563931] cloud-init[653]: |   .. E          |
[   23.565764] cloud-init[653]: |  ..             |
[   23.567469] cloud-init[653]: +----[SHA256]-----+
[   23.569284] cloud-init[653]: Generating public/private dsa key pair.
[   23.571604] cloud-init[653]: Your identification has been saved in /etc/ssh/ssh_host_dsa_key.
[   23.574400] cloud-init[653]: Your public key has been saved in /etc/ssh/ssh_host_dsa_key.pub.
[   23.579020] cloud-init[653]: The key fingerprint is:
[   23.597168] cloud-init[653]: SHA256:ZmFE3oYjCyPgUgY0Hc0RroiCpatlBuI89QQnu17/EBA root@ubuntu-bionic
[   23.600160] cloud-init[653]: The key's randomart image is:
[   23.602202] cloud-init[653]: +---[DSA 1024]----+
[   23.604748] cloud-init[653]: |+++.+Eo.o        |
[   23.607213] cloud-init[653]: |.+...o.o o       |
[   23.609785] cloud-init[653]: |..ooo+. * o      |
[   23.612458] cloud-init[653]: |+o..*o.+ +       |
[[0;32m  OK  [0m] Started Initial cloud-init job (metadata service crawler).
[   23.630496] cloud-init[[0;32m  OK  [0m] Reached target Cloud-config availability.
[[0;32m  OK  [0m] Reached target System Initialization.
[653]: |B. + ...S        |
[[0;32m  OK  [0m] Started Message of the Day.
[[0;32m  OK  [0m] Started Discard unused blocks once a week.
[[0;32m  OK  [0m] Listening on ACPID Listen Socket.
[   23.646166] [[0;32m  OK  [0m] Listening on Open-iSCSI iscsid Socket.
cloud-init[653]: |=o. +  o.        |
[   23.675882]          Starting Socket activation for snappy daemon.
[[0;32m  OK  [0m] Listening on UUID daemon activation socket.
cloud-init[[0;32m  OK  [0m] Started ACPI Events Check.
[[0;32m  OK  [0m] Listening on D-Bus System Message Bus Socket.
[653]: |.++. o .         |
         Starting LXD - unix socket.
[[0;32m  OK  [0m] Reached target Paths.
[[0;32m  OK  [0m] Started Daily Cleanup of Temporary Directories.
[[0;32m  OK  [0m] Started Daily apt download activities.
[[0;32m  OK  [0m] Started Daily apt upgrade and clean activities.[   23.688328] cloud-init[653]: |.+o . . .        |

[[0;32m  OK  [0m] Reached target Timers.
[[0;32m  OK  [0m] Reached target Network is Online.
[   23.698950] [[0;32m  OK  [0m] Reached target Remote File Systems (Pre).
[[0;32m  OK  [0m] Reached target Remote File Systems.
cloud-init[653]: |.  .   ...       |
         Starting Availability of block devices...
[   23.705990] [[0;32m  OK  [0m] Listening on Socket activation for snappy daemon.
[[0;32m  OK  [0m] Listening on LXD - unix socket.
cloud-init[653]: +----[SHA256]-----+
[[0;32m  OK  [0m] Started Availability of block devices.
[   23.719390] cloud-init[[0;32m  OK  [0m] Reached target Sockets.
[[0;32m  OK  [0m] Reached target Basic System.
[653]: Generating public/private ecdsa key pair.
[   23.731641] cloud-init[653]: Your identification has been saved in /etc/ssh/ssh_host_ecdsa_key.
[   23.733402] cloud-init[653]: Your public key has been saved in /etc/ssh/ssh_host_ecdsa_key.pub.
[[0;32m  OK  [0m] Started Regular background program processing daemon.
[   23.737824]          Starting LSB: automatic crash report generation...
         Starting Login Service...
cloud-init[653]: The key fingerprint is:
         Starting Permit User Sessions...
[   23.747553] cloud-init[653]:          Starting System Logging Service...
SHA256:v6p4wmptsYdsGUoaMtYNrWBLG7U9iIHHLoJ78/ZYWpY root@ubuntu-bionic
[   23.751615] cloud-init[653]: The key's randomart image is:
[   23.754843] cloud-init[653]: +---[ECDSA 256]---+
         Starting Accounts Service...
[   23.765604] cloud-init[653]: [[0;32m  OK  [0m] Started Deferred execution scheduler.
[[0;32m  OK  [0m] Started D-Bus System Message Bus.
|..               |
[   23.780525] cloud-init[653]: |..o.             |
[   23.781288] cloud-init[653]: |.o+ =            |
[   23.796368] cloud-init[653]: |+*.+ +           |
[   23.812554] cloud-init[653]: |+o* + . S        |
[   23.824273] cloud-init[653]: |=++oo. . .       |
[   23.840735] cloud-init[653]: |o* B *E   .      |
[   23.856636] cloud-init[653]: |. o &Bo    .     |
[   23.872378] cloud-init[653]: | ..=+=o....      |
[   23.873299] cloud-init[653]: +----[SHA256]-----+
[   23.875033] cloud-init[653]: Generating public/private ed25519 key pair.
[   23.876720] cloud-init[653]: Your identification has been saved in /etc/ssh/ssh_host_ed25519_key.
[   23.888590] cloud-init[653]: Your public key has been saved in /etc/ssh/ssh_host_ed25519_key.pub.
[   23.890299] cloud-init[653]: The key fingerprint is:
[   23.900501] cloud-init[653]: SHA256:u2pKgwPVFVMqwxSffF2tI5E7xat6yw2i6wEms/fc9mE root@ubuntu-bionic
[   23.912920] cloud-init[653]: The key's randomart image is:
[   23.914520] cloud-init[653]: +--[ED25519 256]--+
[   23.916285] cloud-init[653]: |    o.+o.  o..   |
[   23.928398] cloud-init[653]: |   + + + .o.o .  |
[   23.929638] cloud-init[653]: |  . = = . .+ o   |
[   23.930504] cloud-init[653]: | .   o .  + +    |
[   23.931145] cloud-init[653]: |. o o   S  + .   |
         Starting Pollinate to seed the pseudo random number generator...
         Starting LSB: Record successful boot for GRUB...
[   23.941969] cloud-init[653]: | . * .   ..      |
[[0;32m  OK  [0m] Started irqbalance daemon.
         Starting Virtualbox guest utils...
         Starting LXD - container startup/shutdown...
[   23.966604] cloud-init[653]: |  + + . o.E      |
[   23.976643] cloud-init[653]: |   + +.+o=.+     |
[   23.979097] cloud-init[653]: |    .+B+oo+..    |
[   23.980746] cloud-init[653]: +----[SHA256]-----+
         Starting Dispatcher daemon for systemd-networkd...
[[0;32m  OK  [0m] Started FUSE filesystem for LXC.
         Starting Snappy daemon...
[[0;32m  OK  [0m] Started System Logging Service.
[[0;32m  OK  [0m] Started Permit User Sessions.
[[0;32m  OK  [0m] Started Login Service.
[[0;32m  OK  [0m] Started Unattended Upgrades Shutdown.
         Starting Authorization Manager...
         Starting Hold until boot process finishes up...
         Starting Terminate Plymouth Boot Screen...
[[0;32m  OK  [0m] Started Hold until boot process finishes up.
[[0;32m  OK  [0m] Started Terminate Plymouth Boot Screen.
[[0;32m  OK  [0m] Started Serial Getty on ttyS0.
         Starting Set console scheme...
[[0;32m  OK  [0m] Started LSB: automatic crash report generation.
[[0;32m  OK  [0m] Started Set console scheme.
[[0;32m  OK  [0m] Created slice system-getty.slice.
[[0;32m  OK  [0m] Started Getty on tty1.
[[0;32m  OK  [0m] Reached target Login Prompts.
[[0;32m  OK  [0m] Started LSB: Record successful boot for GRUB.
[[0;32m  OK  [0m] Started Authorization Manager.
[[0;32m  OK  [0m] Started Accounts Service.
[[0;32m  OK  [0m] Started Virtualbox guest utils.
[[0;32m  OK  [0m] Started LXD - container startup/shutdown.
[[0;32m  OK  [0m] Started Dispatcher daemon for systemd-networkd.
[[0;32m  OK  [0m] Started Snappy daemon.
         Starting Wait until snapd is fully seeded...
[[0;32m  OK  [0m] Started Pollinate to seed the pseudo random number generator.
         Starting OpenBSD Secure Shell server...
[[0;32m  OK  [0m] Started OpenBSD Secure Shell server.
[[0;32m  OK  [0m] Created slice User Slice of vagrant.
         Starting User Manager for UID 1000...
[[0;32m  OK  [0m] Started Session 1 of user vagrant.
[[0;32m  OK  [0m] Started User Manager for UID 1000.
[[0;32m  OK  [0m] Started Wait until snapd is fully seeded.
         Starting Apply the settings specified in cloud-config...
[[0;32m  OK  [0m] Reached target Multi-User System.
[[0;32m  OK  [0m] Reached target Graphical Interface.
         Starting Update UTMP about System Runlevel Changes...
[[0;32m  OK  [0m] Started Update UTMP about System Runlevel Changes.

Ubuntu 18.04.3 LTS ubuntu-bionic ttyS0

ubuntu-bionic login: [   32.287854] cloud-init[1153]: Cloud-init v. 19.2-24-ge7881d5c-0ubuntu1~18.04.1 running 'modules:config' at Thu, 31 Oct 2019 22:48:32 +0000. Up 30.49 seconds.
ci-info: no authorized ssh keys fingerprints found for user ubuntu.
<14>Oct 31 22:48:35 ec2: 
<14>Oct 31 22:48:35 ec2: #############################################################
<14>Oct 31 22:48:35 ec2: -----BEGIN SSH HOST KEY FINGERPRINTS-----
<14>Oct 31 22:48:35 ec2: 1024 SHA256:ZmFE3oYjCyPgUgY0Hc0RroiCpatlBuI89QQnu17/EBA root@ubuntu-bionic (DSA)
<14>Oct 31 22:48:35 ec2: 256 SHA256:v6p4wmptsYdsGUoaMtYNrWBLG7U9iIHHLoJ78/ZYWpY root@ubuntu-bionic (ECDSA)
<14>Oct 31 22:48:35 ec2: 256 SHA256:u2pKgwPVFVMqwxSffF2tI5E7xat6yw2i6wEms/fc9mE root@ubuntu-bionic (ED25519)
<14>Oct 31 22:48:35 ec2: 2048 SHA256:JYYqr0dHIIt9Ug13SyjVlejFeAvTbIHmIqcGx/Hj2eg root@ubuntu-bionic (RSA)
<14>Oct 31 22:48:35 ec2: -----END SSH HOST KEY FINGERPRINTS-----
<14>Oct 31 22:48:35 ec2: #############################################################
-----BEGIN SSH HOST KEY KEYS-----
ecdsa-sha2-nistp256 AAAAE2VjZHNhLXNoYTItbmlzdHAyNTYAAAAIbmlzdHAyNTYAAABBBF8LsTSNmUdC/+Rg8ymAVEx0kD1WK/O2axEJHeSQ5nK19MaKPxrFiaDb3LAWIjrpvQ0hU+Fgs9ktEY+F9lIe7Bs= root@ubuntu-bionic
ssh-ed25519 AAAAC3NzaC1lZDI1NTE5AAAAIFFhWF1KTCsG1+/yE3ZjRfQ4HEoxUUc3ZBnLc8blae6P root@ubuntu-bionic
ssh-rsa AAAAB3NzaC1yc2EAAAADAQABAAABAQCbs7/MEeUtWRV8zbtx9aRcVn8E4ntvTY+lQPo9l4D2515byEJCNXKjIBSbC2D87QK77LKocsc6ztG01uGvoHC8vmullrBYsv1F9LKheH1gWZjxKrPg6bWP2KQOvsjDwDujI8BSPvU94xx/E1rM8LIyBWmv5KK705F3gSkDl9UkRAIiMM+u7I5pafHG0VQSTD1c8I1nXv8OHt0LfbdAEdC7OBdixxNvTS3/1FDd/piR/sjgmk07F5k8VkhSxhFNxrz6dqJwDqLHikHnWoq8d5rxUHShPCDQeeqr0Ic9a1VidvXRHm+aEd/ns1WusXDRmHE5i4Tfq7sP+eWdAGQ4+DxL root@ubuntu-bionic
-----END SSH HOST KEY KEYS-----
[   34.137878] cloud-init[1289]: Cloud-init v. 19.2-24-ge7881d5c-0ubuntu1~18.04.1 running 'modules:final' at Thu, 31 Oct 2019 22:48:34 +0000. Up 33.35 seconds.
[   34.138016] cloud-init[1289]: ci-info: no authorized ssh keys fingerprints found for user ubuntu.
[   34.138094] cloud-init[1289]: Cloud-init v. 19.2-24-ge7881d5c-0ubuntu1~18.04.1 finished at Thu, 31 Oct 2019 22:48:35 +0000. Datasource DataSourceNoCloud [seed=/dev/sdb][dsmod         Stopping Availability of block devices...
         Stopping User Manager for UID 1000...
         Stopping Authorization Manager...
[[0;32m  OK  [0m] Stopped target Graphical Interface.
         Stopping Accounts Service...
[[0;32m  OK  [0m] Stopped target Host and Network Name Lookups.
[[0;32m  OK  [0m] Stopped target Cloud-init target.
[[0;32m  OK  [0m] Stopped Execute cloud user/final scripts.
[[0;32m  OK  [         Stopping Session 12 of user vagrant.
[[0;32m  OK  [0m] Stopped target Cloud-init target.
         Stopping Availability of block devices...
[[0;32m  OK  [0m] Stopped Execute cloud user/final scripts.
[[0;32m  OK  [0m] Stopped target Graphical Interface.
         Stopping Accounts Service...
[[0;32m  OK  [0m] Stopped target Timers.
         Stopping Authorization Manager...
         Stopping User Manager for UID 1000...
[[0;32m  OK  [0m] Stopped Discard unused blocks once a week.
[[0;32m  OK  [0m] Stopped Apply the settings specified in cloud-config.
[[0;32m  OK  [0m] Stopped target Cloud-config availability.
[[0;32m  OK  [0m] Closed Load/Save RF Kill Switch Status /dev/rfkill Watch.
[[0;32m  OK  [0m] Stopped Daily Cleanup of Temporary Directories.
[[0;32m  OK  [0m] Stopped Daily apt upgrade and clean activities.
[[0;32m  OK  [0m] Stopped Daily apt download activities.
[[0;32m  OK  [0m] Stopped Message of the Day.
[[0;32m  OK  [0m] Stopped target System Time Synchronized.
[[0;32m  OK  [0m] Stopped target Network is Online.
[[0;32m  OK  [0m] Stopped target Multi-User System.
         Stopping OpenBSD Secure Shell server...
         Stopping Unattended Upgrades Shutdown...
         Stopping Regular background program processing daemon...
         Stopping Deferred execution scheduler...
         Stopping LXD - container startup/shutdown...
         Stopping irqbalance daemon...
         Stopping LSB: automatic crash report generation...
         Stopping System Logging Service...
         Stopping D-Bus System Message Bus...
         Stopping FUSE filesystem for LXC...
[[0;32m  OK  [0m] Stopped target Login Prompts.
         Stopping Getty on tty1...
         Stopping Serial Getty on ttyS0...
         Stopping Virtualbox guest utils...
[[0;32m  OK  [0m] Stopped Wait until snapd is fully seeded.
         Stopping LSB: Record successful boot for GRUB...
[[0;32m  OK  [0m] Stopped target Host and Network Name Lookups.
         Stopping Dispatcher daemon for systemd-networkd...
[[0;32m  OK  [0m] Unmounted /var/lib/lxcfs.
[[0;32m  OK  [0m] Stopped irqbalance daemon.
[[0;32m  OK  [0m] Stopped Regular background program processing daemon.
[[0;32m  OK  [0m] Stopped Dispatcher daemon for systemd-networkd.
[[0;32m  OK  [0m] Stopped Accounts Service.
[[0;32m  OK  [0m] Stopped System Logging Service.
[[0;32m  OK  [0m] Stopped Deferred execution scheduler.
[[0;32m  OK  [0m] Stopped Authorization Manager.
[[0;32m  OK  [0m] Stopped Serial Getty on ttyS0.
[[0;32m  OK  [0m] Stopped Unattended Upgrades Shutdown.
[[0;32m  OK  [0m] Stopped Getty on tty1.
[[0;32m  OK  [0m] Stopped OpenBSD Secure Shell server.
[[0;32m  OK  [0m] Stopped User Manager for UID 1000.
[[0;32m  OK  [0m] Stopped D-Bus System Message Bus.
[[0;32m  OK  [0m] Stopped FUSE filesystem for LXC.
[[0;32m  OK  [0m] Stopped Session 12 of user vagrant.
[[0;32m  OK  [0m] Stopped Availability of block devices.
[[0;32m  OK  [0m] Removed slice User Slice of vagrant.
[[0;32m  OK  [0m] Removed slice system-getty.slice.
         Stopping Login Service...
[[0;32m  OK  [0m] Removed slice system-serial\x2dgetty.slice.
         Stopping Permit User Sessions...
[[0;32m  OK  [0m] Stopped LSB: automatic crash report generation.
[[0;32m  OK  [0m] Stopped LXD - container startup/shutdown.
[[0;32m  OK  [0m] Stopped LSB: Record successful boot for GRUB.
[[0;32m  OK  [0m] Stopped Permit User Sessions.
[[0;32m  OK  [0m] Stopped target Remote File Systems.
[[0;32m  OK  [0m] Stopped target Remote File Systems (Pre).
[[0;32m  OK  [0m] Stopped target Network.
         Stopping Network Name Resolution...
[[0;32m  OK  [0m] Stopped Virtualbox guest utils.
[[0;32m  OK  [0m] Stopped Network Name Resolution.
         Stopping Network Service...
[[0;32m  OK  [0m] Stopped Login Service.
[[0;32m  OK  [0m] Stopped target Basic System.
[[0;32m  OK  [0m] Stopped target Paths.
[[0;32m  OK  [0m] Stopped ACPI Events Check.
[[0;32m  OK  [0m] Stopped target Sockets.
[[0;32m  OK  [0m] Closed LXD - unix socket.
[[0;32m  OK  [0m] Closed Open-iSCSI iscsid Socket.
[[0;32m  OK  [0m] Closed Socket activation for snappy daemon.
[[0;32m  OK  [0m] Closed Syslog Socket.
[[0;32m  OK  [0m] Closed UUID daemon activation socket.
[[0;32m  OK  [0m] Closed ACPID Listen Socket.
[[0;32m  OK  [0m] Stopped target Slices.
[[0;32m  OK  [0m] Removed slice User and Session Slice.
[[0;32m  OK  [0m] Closed D-Bus System Message Bus Socket.
[[0;32m  OK  [0m] Stopped target System Initialization.
[[0;32m  OK  [0m] Stopped target Local Encrypted Volumes.
[[0;32m  OK  [0m] Stopped Dispatch Password Requests to Console Directory Watch.
[[0;32m  OK  [0m] Stopped Forward Password Requests to Wall Directory Watch.
         Stopping Update UTMP about System Boot/Shutdown...
[[0;32m  OK  [0m] Stopped Commit a transient machine-id on disk.
[[0;32m  OK  [0m] Stopped Initial cloud-init job (metadata service crawler).
         Stopping Load/Save Random Seed...
[[0;32m  OK  [0m] Stopped target User and Group Name Lookups.
[[0;32m  OK  [0m] Stopped Network Service.
[[0;32m  OK  [0m] Stopped Apply Kernel Variables.
[[0;32m  OK  [0m] Stopped Load Kernel Modules.
[[0;32m  OK  [0m] Stopped target Network (Pre).
[[0;32m  OK  [0m] Stopped Initial cloud-init job (pre-networking).
[[0;32m  OK  [0m] Stopped Load/Save Random Seed.
[[0;32m  OK  [0m] Stopped Update UTMP about System Boot/Shutdown.
[[0;32m  OK  [0m] Stopped Create Volatile Files and Directories.
[[0;32m  OK  [0m] Stopped target Local File Systems.
         Unmounting /run/user/1000...
         Unmounting /vagrant...
[[0;32m  OK  [0m] Unmounted /run/user/1000.
[[0;32m  OK  [0m] Unmounted /vagrant.
[[0;32m  OK  [0m] Reached target Unmount All Filesystems.
[[0;32m  OK  [0m] Stopped target Swap.
[[0;32m  OK  [0m] Stopped target Local File Systems (Pre).
[[0;32m  OK  [0m] Stopped Remount Root and Kernel File Systems.
         Stopping Monitoring of LVM2 mirrors…ng dmeventd or progress polling...
[[0;32m  OK  [0m] Stopped Create Static Device Nodes in /dev.
[[0;32m  OK  [0m] Reached target Shutdown.
[[0;32m  OK  [0m] Reached target Final Step.
         Starting Power-Off...
[[0;32m  OK  [0m] Stopped Monitoring of LVM2 mirrors,…sing dmeventd or progress polling.
[ 9794.146641] reboot: Power down
